d:\лабораторна 1_2\project1\project1\x64\debug\vc143.pdb
d:\лабораторна 1_2\project1\project1\x64\debug\.netframework,version=v4.7.2.assemblyattributes.obj
d:\лабораторна 1_2\project1\project1\x64\debug\myform.obj
d:\лабораторна 1_2\project1\project1\x64\debug\myform1.obj
d:\лабораторна 1_2\project1\x64\debug\project1.exe
d:\лабораторна 1_2\project1\x64\debug\project1.pdb
d:\лабораторна 1_2\project1\project1\x64\debug\project1.myform1.resources
d:\лабораторна 1_2\project1\project1\x64\debug\project1.tlog\cl.command.1.tlog
d:\лабораторна 1_2\project1\project1\x64\debug\project1.tlog\cl.read.1.tlog
d:\лабораторна 1_2\project1\project1\x64\debug\project1.tlog\cl.write.1.tlog
d:\лабораторна 1_2\project1\project1\x64\debug\project1.tlog\link.12956-cvtres.read.1.tlog
d:\лабораторна 1_2\project1\project1\x64\debug\project1.tlog\link.12956-cvtres.write.1.tlog
d:\лабораторна 1_2\project1\project1\x64\debug\project1.tlog\link.12956-rc.read.1.tlog
d:\лабораторна 1_2\project1\project1\x64\debug\project1.tlog\link.12956-rc.write.1.tlog
d:\лабораторна 1_2\project1\project1\x64\debug\project1.tlog\link.12956.read.1.tlog
d:\лабораторна 1_2\project1\project1\x64\debug\project1.tlog\link.12956.read.3.tlog
d:\лабораторна 1_2\project1\project1\x64\debug\project1.tlog\link.12956.write.1.tlog
d:\лабораторна 1_2\project1\project1\x64\debug\project1.tlog\link.15100-cvtres.read.1.tlog
d:\лабораторна 1_2\project1\project1\x64\debug\project1.tlog\link.15100-cvtres.write.1.tlog
d:\лабораторна 1_2\project1\project1\x64\debug\project1.tlog\link.15100-rc.read.1.tlog
d:\лабораторна 1_2\project1\project1\x64\debug\project1.tlog\link.15100-rc.write.1.tlog
d:\лабораторна 1_2\project1\project1\x64\debug\project1.tlog\link.15100.read.1.tlog
d:\лабораторна 1_2\project1\project1\x64\debug\project1.tlog\link.15100.read.2.tlog
d:\лабораторна 1_2\project1\project1\x64\debug\project1.tlog\link.15100.write.1.tlog
d:\лабораторна 1_2\project1\project1\x64\debug\project1.tlog\link.command.1.tlog
d:\лабораторна 1_2\project1\project1\x64\debug\project1.tlog\link.read.1.tlog
d:\лабораторна 1_2\project1\project1\x64\debug\project1.tlog\link.read.3.tlog
d:\лабораторна 1_2\project1\project1\x64\debug\project1.tlog\link.write.1.tlog
d:\лабораторна 1_2\project1\project1\x64\debug\project1.tlog\metagen.read.1.tlog
d:\лабораторна 1_2\project1\project1\x64\debug\project1.tlog\metagen.write.1.tlog
d:\лабораторна 1_2\project1\project1\x64\debug\project1.tlog\resgen.command.1.tlog
d:\лабораторна 1_2\project1\project1\x64\debug\project1.tlog\resgen.read.1.tlog
d:\лабораторна 1_2\project1\project1\x64\debug\project1.tlog\resgen.write.1.tlog
